<?xml version="1.0" encoding="UTF-8"?>
<!-- Generated by org.testng.reporters.JUnitReportReporter -->
<testsuite hostname="SC-201807192351" name="day201902.sizeyunsuanTest" tests="2" failures="0" timestamp="2 Jan 2019 02:59:00 GMT" time="0.007" errors="0">
  <testcase name="yunsuan" time="0.006" classname="day201902.sizeyunsuanTest"/>
  <testcase name="yunsuan" time="0.001" classname="day201902.sizeyunsuanTest"/>
</testsuite> <!-- day201902.sizeyunsuanTest -->
