<?xml version="1.0" encoding="UTF-8"?>
<!-- Generated by org.testng.reporters.JUnitReportReporter -->
<testsuite hostname="SC-201807192351" name="day201902.parameTest" tests="2" failures="0" timestamp="2 Jan 2019 02:36:38 GMT" time="0.007" errors="0">
  <testcase name="p" time="0.006" classname="day201902.parameTest"/>
  <testcase name="p" time="0.001" classname="day201902.parameTest"/>
</testsuite> <!-- day201902.parameTest -->
